 BELLHOP- Chandos Lake - Receiver                                                
 frequency =   1500.     Hz

 Dummy parameter NMedia =            1

     C-LINEAR approximation to SSP
     Attenuation units: dB/mkHz
     VACUUM

 Depth =    10.000000000000000      m

 C-Linear SSP option

 Sound speed profile:
      0.00      1500.00
     10.00      1500.00

                                 ( RMS roughness =   0.00     )
     Bathymetry file selected
     ACOUSTO-ELASTIC half-space
     10.00      1600.00      0.00     1.00       0.0000    0.0000

 Number of sources   =            1
 Source depths (m)
   5.00000    

 Number of receivers =            1
 Receiver depths (m)
   5.00000    

 Number of ranges   =            1
 Receiver ranges (km)
   1.00000    

 Ray trace run
 Geometric hat beams
 Point source (cylindrical coordinates)
 Rectilinear receiver grid: Receivers at rr( : ) x rd( : )

 Number of beams   =           40
 Beam take-off angles (degrees)
  -90.0000      -85.3846      -80.7692      -76.1538      -71.5385    
  -66.9231      -62.3077      -57.6923      -53.0769      -48.4615    
  -43.8462      -39.2308      -34.6154      -30.0000      -25.3846    
  -20.7692      -16.1538      -11.5385      -6.92308      -2.30769    
   2.30769    

 Step length,     deltas =    1.0000000000000000      m

 Maximum ray Depth, zBox =    12.000000000000000      m
 Maximum ray range, rBox =    1100.0000000000000      m
 No beam shift in effect

 *********************************
 Using bottom-bathymetry file

 *** FATAL ERROR ***
 Generated by program or subroutine: ReadBTY
 Unable to open bathymetry file

